PLINK v1.90b6.21 64-bit (19 Oct 2020)
Options in effect:
  --const-fid
  --extract MergedVariants.prune.in
  --out MergedVariants.prune
  --recode vcf
  --vcf MergedVariants.vcf.gz

Hostname: cn00
Working directory: /home/zczhao/projects/highlander/protocol/PopBoost/Demo/output/SiteEval
Start time: Wed Oct 19 02:04:30 2022

Random number seed: 1666116270
128271 MB RAM detected; reserving 64135 MB for main workspace.
--vcf: MergedVariants.prune-temporary.bed + MergedVariants.prune-temporary.bim
+ MergedVariants.prune-temporary.fam written.
8432 variants loaded from .bim file.
176 people (0 males, 0 females, 176 ambiguous) loaded from .fam.
Ambiguous sex IDs written to MergedVariants.prune.nosex .
--extract: 4410 variants remaining.
Using 1 thread (no multithreaded calculations invoked).
Before main variant filters, 176 founders and 0 nonfounders present.
Calculating allele frequencies... done.
Total genotyping rate is 0.994921.
4410 variants and 176 people pass filters and QC.
Note: No phenotypes present.
Warning: Underscore(s) present in sample IDs.
--recode vcf to MergedVariants.prune.vcf ... done.

End time: Wed Oct 19 02:04:30 2022
