PLINK v1.90b4 64-bit (20 Mar 2017)
Options in effect:
  --const-fid
  --extract SiteEval/MergedVariants.prune.in
  --out SiteEval/MergedVariants.prune
  --recode vcf
  --vcf SiteEval/MergedVariants.vcf.gz

Hostname: xiaohui.local
Working directory: /Users/zachary/Desktop/Workspace/highlander/STAR_Protocols/PopBoost/Demo
Start time: Tue Oct 18 11:55:33 2022

Random number seed: 1666065333
16384 MB RAM detected; reserving 8192 MB for main workspace.
--vcf: SiteEval/MergedVariants.prune-temporary.bed +
SiteEval/MergedVariants.prune-temporary.bim +
SiteEval/MergedVariants.prune-temporary.fam written.
8432 variants loaded from .bim file.
287 people (0 males, 0 females, 287 ambiguous) loaded from .fam.
Ambiguous sex IDs written to SiteEval/MergedVariants.prune.nosex .
--extract: 4884 variants remaining.
Using 1 thread (no multithreaded calculations invoked).
Before main variant filters, 287 founders and 0 nonfounders present.
Calculating allele frequencies... done.
Total genotyping rate is 0.996621.
4884 variants and 287 people pass filters and QC.
Note: No phenotypes present.
Warning: Underscore(s) present in sample IDs.
--recode vcf to SiteEval/MergedVariants.prune.vcf ... done.

End time: Tue Oct 18 11:55:33 2022
