Jingpo_M28_013_M_RA	Jingpo
M56_015_FA	Jino
Zang_W04_020_MA	Muya
M01_003_FA	Han
M33_017_MA	Qiang
M33_018_FA	Qiang
Zang_W04_014_FA	Muya
Jingpo_M28_019_F_RA	Jingpo
Lahu_M24_014_FB	Lahu
M39_005_MA	Achang
M56_003_MA	Jino
Yi_M07_003_MA	Yi
M02_007_MA	Mongol
M02_019_FA	Mongol
M03_010_FA	Hui
M14_017_FA	Bai
M39_014_FA	Achang
Pumi_M40_002_F_RA	Pumi
Pumi_M40_017_MB	Pumi
W01_015_MB	Ersu
Zang_M04_004_FA	Tibetan(SC)
Zang_W07_005_MA	Jiarong
Zang_W09_008_FA	Namuyi
M01_001_MA	Han
M27_003_MA	Naxi
Uygur_M05_009A	Uyghur
Zang_M04_009_MA	Tibetan(SC)
M03_002_MA	Hui
M27_016_FA	Naxi
W01_018_FA	Ersu
Zang_W02_020_FA	Pumi(N)
Zang_W07_016_FA	Jiarong
Lahu_M24_019_M_RA	Lahu
Uygur_M05_013A	Uyghur
Zang_W09_007_MA	Namuyi
Hani_M16_003_M_RA	Hani
Yi_M07_018_FA	Yi
Zang_W02_011_MA	Pumi(N)
Hani_M16_004_F_RA	Hani
M14_010_MA	Bai
WGC022356D	Tibetan
WGC022361D	Tibetan
WGC022362D	Tibetan
WGC022363D	Tibetan
WGC022364D	Tibetan
WGC022371D	Tibetan
WGC022380D	Tibetan
WGC022381D	Tibetan
WGC022382D	Tibetan
WGC022386D	Tibetan
WGC022387D	Tibetan
WGC022390D	Tibetan
WGC022397D	Tibetan
WGC022401D	Tibetan
WGC022405D	Tibetan
WGC022406D	Tibetan
WGC022407D	Tibetan
WGC022408D	Tibetan
WGC022417D	Tibetan
WGC022418D	Tibetan
WGC022423D	Tibetan
WGC022424D	Tibetan
WGC022432D	Tibetan
WGC022433D	Tibetan
WGC022434D	Tibetan
WGC022435D	Tibetan
WGC022436D	Tibetan
WGC022440D	Tibetan
WGC022441D	Tibetan
WGC023072D	Sherpa
WGC023098D	Sherpa
WGC023106D	Sherpa
WGC023107D	Sherpa
WGC023109D	Sherpa
WGC023117D	Tibetan
WGC023118D	Tibetan
WGC023119D	Tibetan
WGC023121D	Tibetan
LP6005441-DNA_A08	Mbuti
LP6005441-DNA_A10	Papuan
LP6005441-DNA_A11	Ju_hoan_North
LP6005441-DNA_A12	Surui
LP6005441-DNA_B01	Adygei
LP6005441-DNA_B06	Bergamo
LP6005441-DNA_B08	Mbuti
LP6005441-DNA_B10	Papuan
LP6005441-DNA_B11	Ju_hoan_North
LP6005441-DNA_B12	Surui
LP6005441-DNA_C01	Balochi
LP6005441-DNA_C02	Basque
LP6005441-DNA_C03	Brahui
LP6005441-DNA_C06	Japanese
LP6005441-DNA_C07	Makrani
LP6005441-DNA_C08	Miao
LP6005441-DNA_C09	Orcadian
LP6005441-DNA_C10	Pathan
LP6005441-DNA_C11	Sardinian
LP6005441-DNA_D04	Dai
LP6005441-DNA_D06	Japanese
LP6005441-DNA_D07	Makrani
LP6005441-DNA_D08	Miao
LP6005441-DNA_D09	Orcadian
LP6005441-DNA_D10	Pathan
LP6005441-DNA_D11	Sardinian
LP6005441-DNA_D12	Tu
LP6005441-DNA_E02	BedouinB
LP6005441-DNA_E03	Burusho
LP6005441-DNA_E05	Hazara
LP6005441-DNA_E06	Kalash
LP6005441-DNA_E07	Mandenka
LP6005441-DNA_E08	Mongol
LP6005441-DNA_E09	Oroqen
LP6005441-DNA_E10	Pima
LP6005441-DNA_F01	BantuHerero
LP6005441-DNA_F05	Hazara
LP6005441-DNA_F06	Kalash
LP6005441-DNA_F07	Mandenka
LP6005441-DNA_F08	Mongol
LP6005441-DNA_F09	Oroqen
LP6005441-DNA_F10	Pima
LP6005441-DNA_G02	Biaka
LP6005441-DNA_G03	Cambodian
LP6005441-DNA_G04	Druze
LP6005441-DNA_G05	Hezhen
LP6005441-DNA_G06	Karitiana
LP6005441-DNA_G07	Mayan
LP6005441-DNA_G08	Mozabite
LP6005441-DNA_G09	Palestinian
LP6005441-DNA_H03	Cambodian
LP6005441-DNA_H05	Hezhen
LP6005441-DNA_H06	Karitiana
LP6005442-DNA_F09	Luo
LP6005443-DNA_A07	Thai
LP6005443-DNA_A08	Papuan
LP6005443-DNA_B01	Dai
LP6005443-DNA_B07	Thai
LP6005443-DNA_B08	Papuan
LP6005443-DNA_C07	Papuan
LP6005443-DNA_C08	Papuan
LP6005443-DNA_D07	Papuan
LP6005443-DNA_D08	Papuan
LP6005443-DNA_D09	Kusunda
LP6005443-DNA_E07	Papuan
LP6005443-DNA_E08	Papuan
LP6005443-DNA_F07	Papuan
LP6005443-DNA_F08	Papuan
SAMC006400  Han
SAMC006401  Han
SAMC006402  Han
SAMC006403  Han
SAMC006404  Han
SAMC006405  Han
SAMC006406  Han
SAMC006407  Han
SAMC006408  Han
SAMC006409  Han
SAMC006410  Han
SAMC006411  Han
SAMC006412  Han
SAMC006413  Han
SAMC006414  Han
SAMC006415  Han
SAMC006416  Han
SAMC006417  Han
SAMC006418  Han
SAMC006419  Han
SAMC006420  Han
SAMC006421  Han
SAMC006422  Han
SAMC006423  Han
SAMC006424  Han
SAMC006425  Han
SAMC006426  Han
SAMC006427  Han
SAMC006428  Han
SAMC006429  Han
