Achang
Adygei
Bai
Balochi
BantuHerero
Basque
BedouinB
Bergamo
Biaka
Brahui
Burusho
Cambodian
Dai
Druze
Ersu
Han
Hani
Hazara
Hezhen
Hui
Japanese
Jiarong
Jingpo
Jino
Ju_hoan_North
Kalash
Karitiana
Kusunda
Lahu
Luo
Makrani
Mandenka
Mayan
Mbuti
Miao
Mongol
Mozabite
Muya
Namuyi
Naxi
Orcadian
Oroqen
Palestinian
Papuan
Pathan
Pima
Pumi
Pumi(N)
Qiang
SAMC006400  Han
SAMC006401  Han
SAMC006402  Han
SAMC006403  Han
SAMC006404  Han
SAMC006405  Han
SAMC006406  Han
SAMC006407  Han
SAMC006408  Han
SAMC006409  Han
SAMC006410  Han
SAMC006411  Han
SAMC006412  Han
SAMC006413  Han
SAMC006414  Han
SAMC006415  Han
SAMC006416  Han
SAMC006417  Han
SAMC006418  Han
SAMC006419  Han
SAMC006420  Han
SAMC006421  Han
SAMC006422  Han
SAMC006423  Han
SAMC006424  Han
SAMC006425  Han
SAMC006426  Han
SAMC006427  Han
SAMC006428  Han
SAMC006429  Han
Sardinian
Sherpa
Surui
Thai
Tibetan
Tibetan(SC)
Tu
Uyghur
Yi
